{
  "RSpec": {
    "coverage": {
      "/home/relational-firmware-8873/tic-tac-toe-rb-ruby-intro-000/lib/tic_tac_toe.rb": [
        null,
        1,
        null,
        null,
        null,
        null,
        null,
        null,
        null,
        null,
        null,
        1,
        null,
        1,
        22,
        22,
        22,
        22,
        22,
        null,
        null,
        1,
        21,
        null,
        null,
        1,
        20,
        20,
        null,
        null,
        1,
        4,
        2,
        2,
        2,
        null,
        null,
        null,
        1,
        21,
        21,
        20,
        1,
        1,
        null,
        null,
        null,
        21,
        0,
        0,
        null,
        0,
        null,
        null,
        null,
        21,
        18,
        null,
        3,
        null,
        null,
        null,
        1,
        2,
        2,
        18,
        5,
        null,
        null,
        2,
        null,
        null,
        1,
        1,
        1,
        0,
        0,
        null,
        null,
        null,
        1,
        18,
        18,
        18,
        18,
        17,
        17,
        null,
        1,
        null,
        null,
        null,
        1,
        37,
        215,
        215,
        215,
        null,
        215,
        215,
        215,
        null,
        215,
        15,
        null,
        null,
        22,
        null,
        null,
        1,
        39,
        155,
        null,
        null,
        null,
        1,
        10,
        4,
        null,
        6,
        null,
        null,
        null,
        1,
        19,
        10,
        null,
        9,
        null,
        null,
        null,
        1,
        3,
        3,
        3,
        null,
        null,
        2,
        1,
        null,
        1,
        null,
        null,
        null,
        1,
        12,
        15,
        null,
        null,
        12,
        5,
        0,
        5,
        5,
        null,
        null
      ]
    },
    "timestamp": 1605818362
  }
}
