{
  "RSpec": {
    "coverage": {
      "/home/relational-firmware-8873/tic-tac-toe-rb-ruby-intro-000/lib/tic_tac_toe.rb": [
        null,
        1,
        null,
        null,
        null,
        null,
        null,
        null,
        null,
        null,
        null,
        1,
        5,
        5,
        5,
        5,
        5,
        null,
        null,
        1,
        47523,
        null,
        null,
        1,
        3,
        3,
        null,
        null,
        1,
        47525,
        47523,
        2,
        2,
        null,
        null,
        null,
        1,
        47521,
        null,
        null,
        1,
        0,
        0,
        null,
        0,
        null,
        null,
        null,
        null,
        null,
        null,
        null,
        null,
        null,
        null,
        1,
        2,
        2,
        18,
        5,
        null,
        null,
        2,
        null,
        null,
        1,
        1,
        1,
        0,
        0,
        null,
        null,
        null,
        1,
        47526,
        47520,
        47520,
        47520,
        0,
        0,
        null,
        47520,
        null,
        null,
        null,
        1,
        22,
        130,
        130,
        130,
        null,
        130,
        130,
        130,
        null,
        130,
        10,
        null,
        null,
        12,
        null,
        null,
        1,
        19,
        108,
        null,
        null,
        null,
        1,
        7,
        4,
        null,
        3,
        null,
        null,
        null,
        1,
        11,
        7,
        null,
        0,
        null,
        null,
        null,
        1,
        3,
        3,
        3,
        null,
        null,
        2,
        1,
        null,
        1,
        null,
        null,
        null,
        1,
        12,
        4,
        null,
        null,
        5,
        2,
        0,
        2,
        2,
        null,
        null
      ]
    },
    "timestamp": 1605821570
  }
}
